packages/rn-sdk/android/rn-sdk-finally/android/build/intermediates/manifest_merge_blame_file/debug/manifest-merger-blame-debug-report.txt
1<?xml version="1.0" encoding="utf-8"?>
2<manifest xmlns:android="http://schemas.android.com/apk/res/android"
3    xmlns:tools="http://schemas.android.com/tools"
4    package="io.aelf.portkey" >
5
6    <uses-sdk android:minSdkVersion="21" />
6-->src/main/AndroidManifest.xml
7
8    <uses-permission android:name="android.permission.INTERNET" />
8-->src/main/AndroidManifest.xml:6:5-67
8-->src/main/AndroidManifest.xml:6:22-64
9    <uses-permission android:name="android.permission.CAMERA" />
9-->src/main/AndroidManifest.xml:7:5-65
9-->src/main/AndroidManifest.xml:7:22-62
10    <uses-permission android:name="android.permission.READ_MEDIA_IMAGES" />
10-->src/main/AndroidManifest.xml:8:5-76
10-->src/main/AndroidManifest.xml:8:22-73
11
12    <application>
12-->src/main/AndroidManifest.xml:10:5-22:19
13        <activity
13-->src/main/AndroidManifest.xml:11:9-16:15
14            android:name="io.aelf.portkey.components.activities.DefaultReactActivity"
14-->src/main/AndroidManifest.xml:12:13-71
15            android:launchMode="standard"
15-->src/main/AndroidManifest.xml:13:13-42
16            android:screenOrientation="portrait"
16-->src/main/AndroidManifest.xml:14:13-49
17            android:theme="@style/ReactActivityAnimation" />
17-->src/main/AndroidManifest.xml:15:13-58
18        <activity android:name="com.facebook.react.devsupport.DevSettingsActivity" />
18-->src/main/AndroidManifest.xml:18:9-86
18-->src/main/AndroidManifest.xml:18:19-83
19
20        <service android:name="io.aelf.portkey.components.services.GeneralJSMethodService" />
20-->src/main/AndroidManifest.xml:20:9-78
20-->src/main/AndroidManifest.xml:20:18-76
21    </application>
22
23</manifest>